<?xml version="1.0" encoding="UTF-8" ?>
<testsuite failures="0" time="0.155" errors="0" skipped="0" tests="1" name="com.soulmedia.AppTest">
  <properties>
    <property name="java.runtime.name" value="Java(TM) SE Runtime Environment"/>
    <property name="sun.boot.library.path" value="/Library/Java/JavaVirtualMachines/jdk1.7.0_17.jdk/Contents/Home/jre/lib"/>
    <property name="java.vm.version" value="23.7-b01"/>
    <property name="gopherProxySet" value="false"/>
    <property name="java.vm.vendor" value="Oracle Corporation"/>
    <property name="java.vendor.url" value="http://java.oracle.com/"/>
    <property name="path.separator" value=":"/>
    <property name="java.vm.name" value="Java HotSpot(TM) 64-Bit Server VM"/>
    <property name="file.encoding.pkg" value="sun.io"/>
    <property name="user.country" value="US"/>
    <property name="sun.java.launcher" value="SUN_STANDARD"/>
    <property name="sun.os.patch.level" value="unknown"/>
    <property name="java.vm.specification.name" value="Java Virtual Machine Specification"/>
    <property name="user.dir" value="/Users/soulscreme/Projects/newsee-mahout"/>
    <property name="java.runtime.version" value="1.7.0_17-b02"/>
    <property name="java.awt.graphicsenv" value="sun.awt.CGraphicsEnvironment"/>
    <property name="basedir" value="/Users/soulscreme/Projects/newsee-mahout"/>
    <property name="java.endorsed.dirs" value="/Library/Java/JavaVirtualMachines/jdk1.7.0_17.jdk/Contents/Home/jre/lib/endorsed"/>
    <property name="os.arch" value="x86_64"/>
    <property name="surefire.real.class.path" value="/Users/soulscreme/Projects/newsee-mahout/target/surefire/surefirebooter6225036915490866449.jar"/>
    <property name="java.io.tmpdir" value="/var/folders/c4/33392rd13g59w3rd_tp1cbx00000gn/T/"/>
    <property name="line.separator" value="
"/>
    <property name="java.vm.specification.vendor" value="Oracle Corporation"/>
    <property name="os.name" value="Mac OS X"/>
    <property name="sun.jnu.encoding" value="UTF-8"/>
    <property name="java.library.path" value="/Users/soulscreme/Library/Java/Extensions:/Library/Java/Extensions:/Network/Library/Java/Extensions:/System/Library/Java/Extensions:/usr/lib/java:."/>
    <property name="surefire.test.class.path" value="/Users/soulscreme/Projects/newsee-mahout/target/test-classes:/Users/soulscreme/Projects/newsee-mahout/target/classes:/Users/soulscreme/.m2/repository/org/apache/mahout/mahout-core/0.4/mahout-core-0.4.jar:/Users/soulscreme/.m2/repository/org/apache/hadoop/hadoop-core/0.20.2/hadoop-core-0.20.2.jar:/Users/soulscreme/.m2/repository/commons-cli/commons-cli/1.2/commons-cli-1.2.jar:/Users/soulscreme/.m2/repository/commons-httpclient/commons-httpclient/3.0.1/commons-httpclient-3.0.1.jar:/Users/soulscreme/.m2/repository/commons-codec/commons-codec/1.3/commons-codec-1.3.jar:/Users/soulscreme/.m2/repository/org/apache/mahout/hbase/hbase/0.20.0/hbase-0.20.0.jar:/Users/soulscreme/.m2/repository/com/google/code/gson/gson/1.3/gson-1.3.jar:/Users/soulscreme/.m2/repository/commons-dbcp/commons-dbcp/1.2.2/commons-dbcp-1.2.2.jar:/Users/soulscreme/.m2/repository/commons-pool/commons-pool/1.4/commons-pool-1.4.jar:/Users/soulscreme/.m2/repository/commons-lang/commons-lang/2.4/commons-lang-2.4.jar:/Users/soulscreme/.m2/repository/org/uncommons/watchmaker/watchmaker-framework/0.6.2/watchmaker-framework-0.6.2.jar:/Users/soulscreme/.m2/repository/com/google/collections/google-collections/1.0-rc2/google-collections-1.0-rc2.jar:/Users/soulscreme/.m2/repository/com/thoughtworks/xstream/xstream/1.3.1/xstream-1.3.1.jar:/Users/soulscreme/.m2/repository/xpp3/xpp3_min/1.1.4c/xpp3_min-1.1.4c.jar:/Users/soulscreme/.m2/repository/org/apache/lucene/lucene-core/3.0.2/lucene-core-3.0.2.jar:/Users/soulscreme/.m2/repository/org/apache/lucene/lucene-analyzers/3.0.2/lucene-analyzers-3.0.2.jar:/Users/soulscreme/.m2/repository/org/apache/mahout/commons/commons-cli/2.0-mahout/commons-cli-2.0-mahout.jar:/Users/soulscreme/.m2/repository/commons-math/commons-math/1.2/commons-math-1.2.jar:/Users/soulscreme/.m2/repository/commons-collections/commons-collections/3.2.1/commons-collections-3.2.1.jar:/Users/soulscreme/.m2/repository/org/apache/mahout/mahout-utils/0.4/mahout-utils-0.4.jar:/Users/soulscreme/.m2/repository/org/apache/mahout/mahout-math/0.4/mahout-math-0.4.jar:/Users/soulscreme/.m2/repository/org/uncommons/maths/uncommons-maths/1.2/uncommons-maths-1.2.jar:/Users/soulscreme/.m2/repository/com/google/guava/guava/r03/guava-r03.jar:/Users/soulscreme/.m2/repository/org/apache/mahout/mahout-collections/1.0/mahout-collections-1.0.jar:/Users/soulscreme/.m2/repository/org/slf4j/slf4j-api/1.6.0/slf4j-api-1.6.0.jar:/Users/soulscreme/.m2/repository/org/slf4j/slf4j-jcl/1.6.0/slf4j-jcl-1.6.0.jar:/Users/soulscreme/.m2/repository/commons-logging/commons-logging/1.1.1/commons-logging-1.1.1.jar:/Users/soulscreme/.m2/repository/junit/junit/4.11/junit-4.11.jar:/Users/soulscreme/.m2/repository/org/hamcrest/hamcrest-core/1.3/hamcrest-core-1.3.jar:"/>
    <property name="java.specification.name" value="Java Platform API Specification"/>
    <property name="java.class.version" value="51.0"/>
    <property name="sun.management.compiler" value="HotSpot 64-Bit Tiered Compilers"/>
    <property name="os.version" value="10.7.5"/>
    <property name="http.nonProxyHosts" value="local|*.local|169.254/16|*.169.254/16"/>
    <property name="user.home" value="/Users/soulscreme"/>
    <property name="user.timezone" value=""/>
    <property name="java.awt.printerjob" value="sun.lwawt.macosx.CPrinterJob"/>
    <property name="java.specification.version" value="1.7"/>
    <property name="file.encoding" value="UTF-8"/>
    <property name="user.name" value="soulscreme"/>
    <property name="java.class.path" value="/Users/soulscreme/Projects/newsee-mahout/target/test-classes:/Users/soulscreme/Projects/newsee-mahout/target/classes:/Users/soulscreme/.m2/repository/org/apache/mahout/mahout-core/0.4/mahout-core-0.4.jar:/Users/soulscreme/.m2/repository/org/apache/hadoop/hadoop-core/0.20.2/hadoop-core-0.20.2.jar:/Users/soulscreme/.m2/repository/commons-cli/commons-cli/1.2/commons-cli-1.2.jar:/Users/soulscreme/.m2/repository/commons-httpclient/commons-httpclient/3.0.1/commons-httpclient-3.0.1.jar:/Users/soulscreme/.m2/repository/commons-codec/commons-codec/1.3/commons-codec-1.3.jar:/Users/soulscreme/.m2/repository/org/apache/mahout/hbase/hbase/0.20.0/hbase-0.20.0.jar:/Users/soulscreme/.m2/repository/com/google/code/gson/gson/1.3/gson-1.3.jar:/Users/soulscreme/.m2/repository/commons-dbcp/commons-dbcp/1.2.2/commons-dbcp-1.2.2.jar:/Users/soulscreme/.m2/repository/commons-pool/commons-pool/1.4/commons-pool-1.4.jar:/Users/soulscreme/.m2/repository/commons-lang/commons-lang/2.4/commons-lang-2.4.jar:/Users/soulscreme/.m2/repository/org/uncommons/watchmaker/watchmaker-framework/0.6.2/watchmaker-framework-0.6.2.jar:/Users/soulscreme/.m2/repository/com/google/collections/google-collections/1.0-rc2/google-collections-1.0-rc2.jar:/Users/soulscreme/.m2/repository/com/thoughtworks/xstream/xstream/1.3.1/xstream-1.3.1.jar:/Users/soulscreme/.m2/repository/xpp3/xpp3_min/1.1.4c/xpp3_min-1.1.4c.jar:/Users/soulscreme/.m2/repository/org/apache/lucene/lucene-core/3.0.2/lucene-core-3.0.2.jar:/Users/soulscreme/.m2/repository/org/apache/lucene/lucene-analyzers/3.0.2/lucene-analyzers-3.0.2.jar:/Users/soulscreme/.m2/repository/org/apache/mahout/commons/commons-cli/2.0-mahout/commons-cli-2.0-mahout.jar:/Users/soulscreme/.m2/repository/commons-math/commons-math/1.2/commons-math-1.2.jar:/Users/soulscreme/.m2/repository/commons-collections/commons-collections/3.2.1/commons-collections-3.2.1.jar:/Users/soulscreme/.m2/repository/org/apache/mahout/mahout-utils/0.4/mahout-utils-0.4.jar:/Users/soulscreme/.m2/repository/org/apache/mahout/mahout-math/0.4/mahout-math-0.4.jar:/Users/soulscreme/.m2/repository/org/uncommons/maths/uncommons-maths/1.2/uncommons-maths-1.2.jar:/Users/soulscreme/.m2/repository/com/google/guava/guava/r03/guava-r03.jar:/Users/soulscreme/.m2/repository/org/apache/mahout/mahout-collections/1.0/mahout-collections-1.0.jar:/Users/soulscreme/.m2/repository/org/slf4j/slf4j-api/1.6.0/slf4j-api-1.6.0.jar:/Users/soulscreme/.m2/repository/org/slf4j/slf4j-jcl/1.6.0/slf4j-jcl-1.6.0.jar:/Users/soulscreme/.m2/repository/commons-logging/commons-logging/1.1.1/commons-logging-1.1.1.jar:/Users/soulscreme/.m2/repository/junit/junit/4.11/junit-4.11.jar:/Users/soulscreme/.m2/repository/org/hamcrest/hamcrest-core/1.3/hamcrest-core-1.3.jar:"/>
    <property name="java.vm.specification.version" value="1.7"/>
    <property name="sun.arch.data.model" value="64"/>
    <property name="java.home" value="/Library/Java/JavaVirtualMachines/jdk1.7.0_17.jdk/Contents/Home/jre"/>
    <property name="sun.java.command" value="/Users/soulscreme/Projects/newsee-mahout/target/surefire/surefirebooter6225036915490866449.jar /Users/soulscreme/Projects/newsee-mahout/target/surefire/surefire6554985454060381962tmp /Users/soulscreme/Projects/newsee-mahout/target/surefire/surefire3783966795447882291tmp"/>
    <property name="java.specification.vendor" value="Oracle Corporation"/>
    <property name="user.language" value="en"/>
    <property name="awt.toolkit" value="sun.lwawt.macosx.LWCToolkit"/>
    <property name="java.vm.info" value="mixed mode"/>
    <property name="java.version" value="1.7.0_17"/>
    <property name="java.ext.dirs" value="/Users/soulscreme/Library/Java/Extensions:/Library/Java/JavaVirtualMachines/jdk1.7.0_17.jdk/Contents/Home/jre/lib/ext:/Library/Java/Extensions:/Network/Library/Java/Extensions:/System/Library/Java/Extensions:/usr/lib/java"/>
    <property name="sun.boot.class.path" value="/Library/Java/JavaVirtualMachines/jdk1.7.0_17.jdk/Contents/Home/jre/lib/resources.jar:/Library/Java/JavaVirtualMachines/jdk1.7.0_17.jdk/Contents/Home/jre/lib/rt.jar:/Library/Java/JavaVirtualMachines/jdk1.7.0_17.jdk/Contents/Home/jre/lib/sunrsasign.jar:/Library/Java/JavaVirtualMachines/jdk1.7.0_17.jdk/Contents/Home/jre/lib/jsse.jar:/Library/Java/JavaVirtualMachines/jdk1.7.0_17.jdk/Contents/Home/jre/lib/jce.jar:/Library/Java/JavaVirtualMachines/jdk1.7.0_17.jdk/Contents/Home/jre/lib/charsets.jar:/Library/Java/JavaVirtualMachines/jdk1.7.0_17.jdk/Contents/Home/jre/lib/jfr.jar:/Library/Java/JavaVirtualMachines/jdk1.7.0_17.jdk/Contents/Home/jre/lib/JObjC.jar:/Library/Java/JavaVirtualMachines/jdk1.7.0_17.jdk/Contents/Home/jre/classes"/>
    <property name="java.vendor" value="Oracle Corporation"/>
    <property name="localRepository" value="/Users/soulscreme/.m2/repository"/>
    <property name="file.separator" value="/"/>
    <property name="java.vendor.url.bug" value="http://bugreport.sun.com/bugreport/"/>
    <property name="sun.cpu.endian" value="little"/>
    <property name="sun.io.unicode.encoding" value="UnicodeBig"/>
    <property name="socksNonProxyHosts" value="local|*.local|169.254/16|*.169.254/16"/>
    <property name="ftp.nonProxyHosts" value="local|*.local|169.254/16|*.169.254/16"/>
    <property name="sun.cpu.isalist" value=""/>
  </properties>
  <testcase time="0.001" classname="com.soulmedia.AppTest" name="testApp"/>
</testsuite>